<?xml version="1.0" encoding="UTF-8"?>
<robot generator="Robot 4.1 (Python 3.8.10 on linux)" generated="20210725 02:02:13.155" rpa="false" schemaversion="2">
<suite id="s1" name="Main" source="/home/kanav/moolya/13.1/main.robot">
<test id="s1-t1" name="Valid Test">
<kw name="Open Browser To flipkart">
<kw name="Open Browser" library="SeleniumLibrary">
<arg>${URL}</arg>
<arg>${BROWSER}</arg>
<doc>Opens a new browser instance to the optional ``url``.</doc>
<msg timestamp="20210725 02:02:13.302" level="INFO">Opening browser 'Chrome' to base url 'https://flipkart.com'.</msg>
<status status="PASS" starttime="20210725 02:02:13.301" endtime="20210725 02:02:24.218"/>
</kw>
<status status="PASS" starttime="20210725 02:02:13.301" endtime="20210725 02:02:24.218"/>
</kw>
<kw name="Input username">
<arg>username</arg>
<kw name="Input Text" library="SeleniumLibrary">
<arg>//html/body/div[2]/div/div/div/div/div[2]/div/form/div[1]/input</arg>
<arg>8492809554</arg>
<arg>${username}</arg>
<doc>Types the given ``text`` into the text field identified by ``locator``.</doc>
<msg timestamp="20210725 02:02:24.220" level="INFO">Typing text '8492809554' into text field '//html/body/div[2]/div/div/div/div/div[2]/div/form/div[1]/input'.</msg>
<status status="PASS" starttime="20210725 02:02:24.219" endtime="20210725 02:02:24.338"/>
</kw>
<status status="PASS" starttime="20210725 02:02:24.218" endtime="20210725 02:02:24.339"/>
</kw>
<kw name="Input password">
<arg>password</arg>
<kw name="Input Text" library="SeleniumLibrary">
<arg>//html/body/div[2]/div/div/div/div/div[2]/div/form/div[2]/input</arg>
<arg>kanav554</arg>
<arg>${password}</arg>
<doc>Types the given ``text`` into the text field identified by ``locator``.</doc>
<msg timestamp="20210725 02:02:24.339" level="INFO">Typing text 'kanav554' into text field '//html/body/div[2]/div/div/div/div/div[2]/div/form/div[2]/input'.</msg>
<status status="PASS" starttime="20210725 02:02:24.339" endtime="20210725 02:02:24.473"/>
</kw>
<status status="PASS" starttime="20210725 02:02:24.339" endtime="20210725 02:02:24.473"/>
</kw>
<kw name="Login">
<kw name="Click Button" library="SeleniumLibrary">
<arg>//html/body/div[2]/div/div/div/div/div[2]/div/form/div[4]/button</arg>
<doc>Clicks the button identified by ``locator``.</doc>
<msg timestamp="20210725 02:02:24.475" level="INFO">Clicking button '//html/body/div[2]/div/div/div/div/div[2]/div/form/div[4]/button'.</msg>
<status status="PASS" starttime="20210725 02:02:24.475" endtime="20210725 02:02:24.584"/>
</kw>
<kw name="Sleep" library="BuiltIn">
<arg>3s</arg>
<doc>Pauses the test executed for the given time.</doc>
<msg timestamp="20210725 02:02:27.585" level="INFO">Slept 3 seconds</msg>
<status status="PASS" starttime="20210725 02:02:24.584" endtime="20210725 02:02:27.586"/>
</kw>
<status status="PASS" starttime="20210725 02:02:24.474" endtime="20210725 02:02:27.586"/>
</kw>
<kw name="Press electronics &amp; add to cart">
<kw name="Click Image" library="SeleniumLibrary">
<arg>//*[@id="container"]/div/div[2]/div/div/div[3]/a/div[1]/div/img</arg>
<doc>Clicks an image identified by ``locator``.</doc>
<msg timestamp="20210725 02:02:27.590" level="INFO">Clicking image '//*[@id="container"]/div/div[2]/div/div/div[3]/a/div[1]/div/img'.</msg>
<status status="PASS" starttime="20210725 02:02:27.589" endtime="20210725 02:02:27.720"/>
</kw>
<kw name="Sleep" library="BuiltIn">
<arg>3s</arg>
<doc>Pauses the test executed for the given time.</doc>
<msg timestamp="20210725 02:02:30.721" level="INFO">Slept 3 seconds</msg>
<status status="PASS" starttime="20210725 02:02:27.720" endtime="20210725 02:02:30.722"/>
</kw>
<kw name="Click Image" library="SeleniumLibrary">
<arg>//*[@id="container"]/div/div[3]/div[5]/div/div[1]/a/div/img[2]</arg>
<doc>Clicks an image identified by ``locator``.</doc>
<msg timestamp="20210725 02:02:30.725" level="INFO">Clicking image '//*[@id="container"]/div/div[3]/div[5]/div/div[1]/a/div/img[2]'.</msg>
<status status="PASS" starttime="20210725 02:02:30.723" endtime="20210725 02:02:30.872"/>
</kw>
<kw name="Sleep" library="BuiltIn">
<arg>3s</arg>
<doc>Pauses the test executed for the given time.</doc>
<msg timestamp="20210725 02:02:33.873" level="INFO">Slept 3 seconds</msg>
<status status="PASS" starttime="20210725 02:02:30.872" endtime="20210725 02:02:33.873"/>
</kw>
<kw name="Click Image" library="SeleniumLibrary">
<arg>//*[@id="container"]/div/div[3]/div/div/div[2]/div[1]/a/div[1]/div/img</arg>
<doc>Clicks an image identified by ``locator``.</doc>
<msg timestamp="20210725 02:02:33.876" level="INFO">Clicking image '//*[@id="container"]/div/div[3]/div/div/div[2]/div[1]/a/div[1]/div/img'.</msg>
<kw name="Capture Page Screenshot" library="SeleniumLibrary">
<doc>Takes a screenshot of the current page and embeds it into a log file.</doc>
<msg timestamp="20210725 02:02:34.150" level="INFO" html="true">&lt;/td&gt;&lt;/tr&gt;&lt;tr&gt;&lt;td colspan="3"&gt;&lt;a href="selenium-screenshot-12.png"&gt;&lt;img src="selenium-screenshot-12.png" width="800px"&gt;&lt;/a&gt;</msg>
<status status="PASS" starttime="20210725 02:02:33.988" endtime="20210725 02:02:34.150"/>
</kw>
<msg timestamp="20210725 02:02:34.152" level="FAIL">ElementNotInteractableException: Message: element not interactable
  (Session info: chrome=92.0.4515.107)
</msg>
<status status="FAIL" starttime="20210725 02:02:33.874" endtime="20210725 02:02:34.152"/>
</kw>
<kw name="Sleep" library="BuiltIn">
<arg>3s</arg>
<doc>Pauses the test executed for the given time.</doc>
<status status="NOT RUN" starttime="20210725 02:02:34.152" endtime="20210725 02:02:34.152"/>
</kw>
<kw name="Get Text" library="SeleniumLibrary">
<var>${cart}</var>
<arg>//*[@id="container"]/div/div[3]/div/div[2]/div[2]/div/div[1]/div/a[2]</arg>
<doc>Returns the text value of the element identified by ``locator``.</doc>
<status status="NOT RUN" starttime="20210725 02:02:34.153" endtime="20210725 02:02:34.153"/>
</kw>
<kw name="Click Link" library="SeleniumLibrary">
<arg>//*[@id="container"]/div/div[3]/div/div[2]/div[2]/div/div[1]/div/a[2]</arg>
<doc>Clicks a link identified by ``locator``.</doc>
<status status="NOT RUN" starttime="20210725 02:02:34.153" endtime="20210725 02:02:34.153"/>
</kw>
<kw name="Sleep" library="BuiltIn">
<arg>3s</arg>
<doc>Pauses the test executed for the given time.</doc>
<status status="NOT RUN" starttime="20210725 02:02:34.153" endtime="20210725 02:02:34.153"/>
</kw>
<kw name="Switch Window" library="SeleniumLibrary">
<arg>new</arg>
<doc>Switches to browser window matching ``locator``.</doc>
<status status="NOT RUN" starttime="20210725 02:02:34.153" endtime="20210725 02:02:34.153"/>
</kw>
<kw name="Click Button" library="SeleniumLibrary">
<arg>//*[@id="container"]/div/div[3]/div[1]/div[1]/div[2]/div/ul/li[1]/button</arg>
<doc>Clicks the button identified by ``locator``.</doc>
<status status="NOT RUN" starttime="20210725 02:02:34.153" endtime="20210725 02:02:34.153"/>
</kw>
<status status="FAIL" starttime="20210725 02:02:27.587" endtime="20210725 02:02:34.154"/>
</kw>
<kw name="Check Item in Cart">
<status status="NOT RUN" starttime="20210725 02:02:34.154" endtime="20210725 02:02:34.154"/>
</kw>
<kw name="Close Browser" library="SeleniumLibrary" type="TEARDOWN">
<doc>Closes the current browser.</doc>
<status status="PASS" starttime="20210725 02:02:34.154" endtime="20210725 02:02:34.218"/>
</kw>
<status status="FAIL" starttime="20210725 02:02:13.300" endtime="20210725 02:02:34.218">ElementNotInteractableException: Message: element not interactable
  (Session info: chrome=92.0.4515.107)
</status>
</test>
<doc>Testing on FLIPKART</doc>
<status status="FAIL" starttime="20210725 02:02:13.156" endtime="20210725 02:02:34.219"/>
</suite>
<statistics>
<total>
<stat pass="0" fail="1" skip="0">All Tests</stat>
</total>
<tag>
</tag>
<suite>
<stat pass="0" fail="1" skip="0" id="s1" name="Main">Main</stat>
</suite>
</statistics>
<errors>
</errors>
</robot>
